#
# There is insufficient memory for the Java Runtime Environment to continue.
# Native memory allocation (malloc) failed to allocate 1078416 bytes for Chunk::new
# Possible reasons:
#   The system is out of physical RAM or swap space
#   The process is running with CompressedOops enabled, and the Java Heap may be blocking the growth of the native heap
# Possible solutions:
#   Reduce memory load on the system
#   Increase physical memory or swap space
#   Check if swap backing store is full
#   Decrease Java heap size (-Xmx/-Xms)
#   Decrease number of Java threads
#   Decrease Java thread stack sizes (-Xss)
#   Set larger code cache with -XX:ReservedCodeCacheSize=
#   JVM is running with Unscaled Compressed Oops mode in which the Java heap is
#     placed in the first 4GB address space. The Java Heap base address is the
#     maximum limit for the native heap growth. Please use -XX:HeapBaseMinAddress
#     to set the Java Heap base and to place the Java Heap above 4GB virtual address.
# This output file may be truncated or incomplete.
#
#  Out of Memory Error (allocation.cpp:389), pid=6948, tid=0x0000000000002070
#
# JRE version: OpenJDK Runtime Environment (8.0_202-b03) (build 1.8.0_202-release-1483-b03)
# Java VM: OpenJDK 64-Bit Server VM (25.202-b03 mixed mode windows-amd64 compressed oops)
# Failed to write core dump. Minidumps are not enabled by default on client versions of Windows
#

---------------  T H R E A D  ---------------

Current thread (0x00000000184d1000):  JavaThread "C2 CompilerThread1" daemon [_thread_in_native, id=8304, stack(0x0000000018ea0000,0x0000000018fa0000)]

Stack: [0x0000000018ea0000,0x0000000018fa0000]
[error occurred during error reporting (printing stack bounds), id 0xc0000005]

Native frames: (J=compiled Java code, j=interpreted, Vv=VM code, C=native code)


Current CompileTask:
C2:4455793 22600       4       org.gradle.api.internal.artifacts.ivyservice.resolveengine.graph.builder.ResolveState::getSelector (83 bytes)


---------------  P R O C E S S  ---------------

Java Threads: ( => current thread )
  0x000000001d4b1800 JavaThread "Build operations Thread 8" [_thread_blocked, id=20280, stack(0x000000006a440000,0x000000006a540000)]
  0x000000001d4b6800 JavaThread "Build operations Thread 7" [_thread_blocked, id=5628, stack(0x000000006a340000,0x000000006a440000)]
  0x000000001e6b1800 JavaThread "Build operations Thread 6" [_thread_blocked, id=22868, stack(0x000000006a240000,0x000000006a340000)]
  0x000000001e6b0000 JavaThread "Build operations Thread 5" [_thread_in_native, id=22504, stack(0x000000006a140000,0x000000006a240000)]
  0x000000001e6af000 JavaThread "Build operations Thread 4" [_thread_blocked, id=21888, stack(0x000000006a040000,0x000000006a140000)]
  0x000000001e6b3800 JavaThread "Build operations Thread 3" [_thread_blocked, id=22920, stack(0x0000000069f40000,0x000000006a040000)]
  0x000000001e6b2000 JavaThread "Build operations Thread 2" [_thread_blocked, id=21204, stack(0x0000000069e40000,0x0000000069f40000)]
  0x000000001e6b3000 JavaThread "Build operations" [_thread_blocked, id=14644, stack(0x0000000069d40000,0x0000000069e40000)]
  0x000000001e6b0800 JavaThread "Cache worker for cache directory md-rule (C:\Users\Yashvi\.gradle\caches\5.4.1\md-rule)" [_thread_blocked, id=15076, stack(0x0000000069c40000,0x0000000069d40000)]
  0x000000001e6a7800 JavaThread "Cache worker for cache directory md-supplier (C:\Users\Yashvi\.gradle\caches\5.4.1\md-supplier)" [_thread_blocked, id=21792, stack(0x0000000069b40000,0x0000000069c40000)]
  0x000000001e6ad800 JavaThread "Cache worker for file hash cache (C:\Users\Yashvi\Documents\GitHub\ArCoreAdorn\.gradle\5.4.1\fileHashes)" [_thread_blocked, id=15440, stack(0x0000000069a40000,0x0000000069b40000)]
  0x000000001e6a6000 JavaThread "Thread-992" [_thread_blocked, id=13580, stack(0x0000000069940000,0x0000000069a40000)]
  0x000000001e6ad000 JavaThread "Stdin handler" [_thread_blocked, id=21796, stack(0x0000000069840000,0x0000000069940000)]
  0x000000001e6ac000 JavaThread "Asynchronous log dispatcher for DefaultDaemonConnection: socket connection from /127.0.0.1:50059 to /127.0.0.1:50671" [_thread_blocked, id=20836, stack(0x0000000069740000,0x0000000069840000)]
  0x000000001e6ab800 JavaThread "Daemon worker Thread 11" [_thread_blocked, id=14076, stack(0x0000000069640000,0x0000000069740000)]
  0x000000001e6a9000 JavaThread "Cancel handler" [_thread_blocked, id=5956, stack(0x0000000069540000,0x0000000069640000)]
  0x000000001e6aa000 JavaThread "Handler for socket connection from /127.0.0.1:50059 to /127.0.0.1:50671" [_thread_in_native, id=19240, stack(0x0000000069440000,0x0000000069540000)]
  0x000000001e6a8800 JavaThread "Daemon Thread 11" [_thread_blocked, id=10792, stack(0x0000000069340000,0x0000000069440000)]
  0x000000001e6ae800 JavaThread "Cache worker for Java compile cache (C:\Users\Yashvi\.gradle\caches\5.4.1\javaCompile)" [_thread_blocked, id=19432, stack(0x0000000067d40000,0x0000000067e40000)]
  0x000000001e6aa800 JavaThread "Cache worker for file content cache (C:\Users\Yashvi\.gradle\caches\5.4.1\fileContent)" [_thread_blocked, id=18236, stack(0x000000003bb40000,0x000000003bc40000)]
  0x000000001cac9000 JavaThread "Memory manager" [_thread_blocked, id=10892, stack(0x00000000252a0000,0x00000000253a0000)]
  0x000000001cabf000 JavaThread "Cache worker for execution history cache (C:\Users\Yashvi\.gradle\caches\5.4.1\executionHistory)" [_thread_blocked, id=6872, stack(0x00000000226a0000,0x00000000227a0000)]
  0x000000001a2ff000 JavaThread "Cache worker for journal cache (C:\Users\Yashvi\.gradle\caches\journal-1)" [_thread_blocked, id=14356, stack(0x000000001c0f0000,0x000000001c1f0000)]
  0x000000001a300800 JavaThread "File lock request listener" [_thread_in_native, id=12528, stack(0x000000001bff0000,0x000000001c0f0000)]
  0x000000001a1da800 JavaThread "Cache worker for file hash cache (C:\Users\Yashvi\.gradle\caches\5.4.1\fileHashes)" [_thread_blocked, id=4436, stack(0x000000001bef0000,0x000000001bff0000)]
  0x0000000019651800 JavaThread "Daemon periodic checks" [_thread_blocked, id=14640, stack(0x000000001b3f0000,0x000000001b4f0000)]
  0x000000001964f000 JavaThread "Incoming local TCP Connector on port 50059" [_thread_in_native, id=2032, stack(0x000000001b1b0000,0x000000001b2b0000)]
  0x000000001a30e000 JavaThread "Daemon health stats" [_thread_blocked, id=12780, stack(0x000000001ab70000,0x000000001ac70000)]
  0x0000000018533000 JavaThread "Service Thread" daemon [_thread_blocked, id=11500, stack(0x00000000191a0000,0x00000000192a0000)]
  0x00000000184da800 JavaThread "C1 CompilerThread3" daemon [_thread_blocked, id=15020, stack(0x00000000190a0000,0x00000000191a0000)]
  0x00000000184d6000 JavaThread "C2 CompilerThread2" daemon [_thread_in_native, id=8424, stack(0x0000000018fa0000,0x00000000190a0000)]
=>0x00000000184d1000 JavaThread "C2 CompilerThread1" daemon [_thread_in_native, id=8304, stack(0x0000000018ea0000,0x0000000018fa0000)]
  0x00000000184ca800 JavaThread "C2 CompilerThread0" daemon [_thread_blocked, id=3100, stack(0x0000000018da0000,0x0000000018ea0000)]
  0x00000000184c9800 JavaThread "Attach Listener" daemon [_thread_blocked, id=14704, stack(0x0000000018ca0000,0x0000000018da0000)]
  0x00000000166ee800 JavaThread "Signal Dispatcher" daemon [_thread_blocked, id=14916, stack(0x0000000018ba0000,0x0000000018ca0000)]
  0x0000000002919800 JavaThread "Finalizer" daemon [_thread_blocked, id=928, stack(0x00000000189a0000,0x0000000018aa0000)]
  0x0000000002916800 JavaThread "Reference Handler" daemon [_thread_blocked, id=12732, stack(0x00000000188a0000,0x00000000189a0000)]
  0x000000000281e000 JavaThread "main" [_thread_blocked, id=9436, stack(0x00000000026f0000,0x00000000027f0000)]

Other Threads:
  0x00000000166d6800 VMThread [stack: 0x00000000183a0000,0x00000000184a0000] [id=13748]
  0x0000000018537800 WatcherThread [stack: 0x00000000192a0000,0x00000000193a0000] [id=14804]

VM state:not at safepoint (normal execution)

VM Mutex/Monitor currently owned by a thread: None

heap address: 0x00000000a0000000, size: 1536 MB, Compressed Oops mode: 32-bit
Narrow klass base: 0x0000000000000000, Narrow klass shift: 3
Compressed class space size: 1073741824 Address: 0x0000000100000000

Heap:
 PSYoungGen      total 369664K, used 231088K [0x00000000e0000000, 0x0000000100000000, 0x0000000100000000)
  eden space 283648K, 51% used [0x00000000e0000000,0x00000000e8db0d90,0x00000000f1500000)
  from space 86016K, 99% used [0x00000000fa500000,0x00000000ff8fb330,0x00000000ff900000)
  to   space 120320K, 0% used [0x00000000f1500000,0x00000000f1500000,0x00000000f8a80000)
 ParOldGen       total 370176K, used 221596K [0x00000000a0000000, 0x00000000b6980000, 0x00000000e0000000)
  object space 370176K, 59% used [0x00000000a0000000,0x00000000ad8673f8,0x00000000b6980000)
 Metaspace       used 101517K, capacity 109008K, committed 109144K, reserved 1144832K
  class space    used 13315K, capacity 14595K, committed 14720K, reserved 1048576K

Card table byte_map: [0x0000000011ce0000,0x0000000011ff0000] byte_map_base: 0x00000000117e0000

Marking Bits: (ParMarkBitMap*) 0x000000006be59f30
 Begin Bits: [0x00000000129f0000, 0x00000000141f0000)
 End Bits:   [0x00000000141f0000, 0x00000000159f0000)

Polling page: 0x0000000000980000

CodeCache: size=245760Kb used=58652Kb max_used=59909Kb free=187107Kb
 bounds [0x0000000002920000, 0x0000000006400000, 0x0000000011920000]
 total_blobs=18812 nmethods=17919 adapters=803
 compilation: enabled

Compilation events (10 events):
Event: 4455.589 Thread 0x00000000184da800 nmethod 22605 0x000000000428e250 code [0x000000000428e7e0, 0x00000000042924f8]
Event: 4455.621 Thread 0x00000000184ca800 nmethod 22604 0x0000000003841f10 code [0x0000000003842120, 0x0000000003842f18]
Event: 4455.621 Thread 0x00000000184ca800 22606       4       org.gradle.internal.component.external.model.DefaultModuleComponentSelector::equals (95 bytes)
Event: 4455.638 Thread 0x00000000184ca800 nmethod 22606 0x000000000624b450 code [0x000000000624b600, 0x000000000624c1f8]
Event: 4455.651 Thread 0x00000000184da800 22607       3       org.gradle.api.internal.artifacts.ivyservice.resolveengine.graph.builder.NodeState::visitOutgoingDependencies (140 bytes)
Event: 4455.655 Thread 0x00000000184da800 nmethod 22607 0x00000000043e8950 code [0x00000000043e8c60, 0x00000000043ea3d8]
Event: 4455.703 Thread 0x00000000184da800 22608   !   3       org.gradle.internal.operations.notify.BuildOperationNotificationBridge$Adapter::finished (116 bytes)
Event: 4455.712 Thread 0x00000000184da800 nmethod 22608 0x0000000002fbce10 code [0x0000000002fbd160, 0x0000000002fbf0c8]
Event: 4455.733 Thread 0x00000000184da800 22609   !   3       org.gradle.internal.operations.notify.BuildOperationNotificationBridge$Adapter::started (175 bytes)
Event: 4455.737 Thread 0x00000000184da800 nmethod 22609 0x00000000059fdc10 code [0x00000000059fdfa0, 0x0000000005a00368]

GC Heap History (10 events):
Event: 3207.709 GC heap before
{Heap before GC invocations=31 (full 4):
 PSYoungGen      total 329216K, used 296035K [0x00000000e0000000, 0x00000000f7d80000, 0x0000000100000000)
  eden space 282112K, 100% used [0x00000000e0000000,0x00000000f1380000,0x00000000f1380000)
  from space 47104K, 29% used [0x00000000f4f80000,0x00000000f5d18fc8,0x00000000f7d80000)
  to   space 54272K, 0% used [0x00000000f1380000,0x00000000f1380000,0x00000000f4880000)
 ParOldGen       total 267264K, used 207401K [0x00000000a0000000, 0x00000000b0500000, 0x00000000e0000000)
  object space 267264K, 77% used [0x00000000a0000000,0x00000000aca8a4d8,0x00000000b0500000)
 Metaspace       used 85712K, capacity 92010K, committed 92248K, reserved 1128448K
  class space    used 11214K, capacity 12388K, committed 12416K, reserved 1048576K
Event: 3207.780 GC heap after
Heap after GC invocations=31 (full 4):
 PSYoungGen      total 336384K, used 54263K [0x00000000e0000000, 0x00000000fe500000, 0x0000000100000000)
  eden space 282112K, 0% used [0x00000000e0000000,0x00000000e0000000,0x00000000f1380000)
  from space 54272K, 99% used [0x00000000f1380000,0x00000000f487dff8,0x00000000f4880000)
  to   space 92672K, 0% used [0x00000000f8a80000,0x00000000f8a80000,0x00000000fe500000)
 ParOldGen       total 291840K, used 286629K [0x00000000a0000000, 0x00000000b1d00000, 0x00000000e0000000)
  object space 291840K, 98% used [0x00000000a0000000,0x00000000b17e9578,0x00000000b1d00000)
 Metaspace       used 85712K, capacity 92010K, committed 92248K, reserved 1128448K
  class space    used 11214K, capacity 12388K, committed 12416K, reserved 1048576K
}
Event: 3207.780 GC heap before
{Heap before GC invocations=32 (full 5):
 PSYoungGen      total 336384K, used 54263K [0x00000000e0000000, 0x00000000fe500000, 0x0000000100000000)
  eden space 282112K, 0% used [0x00000000e0000000,0x00000000e0000000,0x00000000f1380000)
  from space 54272K, 99% used [0x00000000f1380000,0x00000000f487dff8,0x00000000f4880000)
  to   space 92672K, 0% used [0x00000000f8a80000,0x00000000f8a80000,0x00000000fe500000)
 ParOldGen       total 291840K, used 286629K [0x00000000a0000000, 0x00000000b1d00000, 0x00000000e0000000)
  object space 291840K, 98% used [0x00000000a0000000,0x00000000b17e9578,0x00000000b1d00000)
 Metaspace       used 85712K, capacity 92010K, committed 92248K, reserved 1128448K
  class space    used 11214K, capacity 12388K, committed 12416K, reserved 1048576K
Event: 3208.121 GC heap after
Heap after GC invocations=32 (full 5):
 PSYoungGen      total 336384K, used 0K [0x00000000e0000000, 0x00000000fe500000, 0x0000000100000000)
  eden space 282112K, 0% used [0x00000000e0000000,0x00000000e0000000,0x00000000f1380000)
  from space 54272K, 0% used [0x00000000f1380000,0x00000000f1380000,0x00000000f4880000)
  to   space 92672K, 0% used [0x00000000f8a80000,0x00000000f8a80000,0x00000000fe500000)
 ParOldGen       total 370176K, used 171488K [0x00000000a0000000, 0x00000000b6980000, 0x00000000e0000000)
  object space 370176K, 46% used [0x00000000a0000000,0x00000000aa778378,0x00000000b6980000)
 Metaspace       used 84932K, capacity 90994K, committed 92248K, reserved 1128448K
  class space    used 11078K, capacity 12208K, committed 12416K, reserved 1048576K
}
Event: 4147.871 GC heap before
{Heap before GC invocations=33 (full 5):
 PSYoungGen      total 336384K, used 282112K [0x00000000e0000000, 0x00000000fe500000, 0x0000000100000000)
  eden space 282112K, 100% used [0x00000000e0000000,0x00000000f1380000,0x00000000f1380000)
  from space 54272K, 0% used [0x00000000f1380000,0x00000000f1380000,0x00000000f4880000)
  to   space 92672K, 0% used [0x00000000f8a80000,0x00000000f8a80000,0x00000000fe500000)
 ParOldGen       total 370176K, used 171488K [0x00000000a0000000, 0x00000000b6980000, 0x00000000e0000000)
  object space 370176K, 46% used [0x00000000a0000000,0x00000000aa778378,0x00000000b6980000)
 Metaspace       used 86040K, capacity 92342K, committed 92504K, reserved 1130496K
  class space    used 11225K, capacity 12406K, committed 12416K, reserved 1048576K
Event: 4148.030 GC heap after
Heap after GC invocations=33 (full 5):
 PSYoungGen      total 399872K, used 8573K [0x00000000e0000000, 0x00000000fe100000, 0x0000000100000000)
  eden space 311296K, 0% used [0x00000000e0000000,0x00000000e0000000,0x00000000f3000000)
  from space 88576K, 9% used [0x00000000f8a80000,0x00000000f92df638,0x00000000fe100000)
  to   space 90624K, 0% used [0x00000000f3000000,0x00000000f3000000,0x00000000f8880000)
 ParOldGen       total 370176K, used 171496K [0x00000000a0000000, 0x00000000b6980000, 0x00000000e0000000)
  object space 370176K, 46% used [0x00000000a0000000,0x00000000aa77a378,0x00000000b6980000)
 Metaspace       used 86040K, capacity 92342K, committed 92504K, reserved 1130496K
  class space    used 11225K, capacity 12406K, committed 12416K, reserved 1048576K
}
Event: 4221.063 GC heap before
{Heap before GC invocations=34 (full 5):
 PSYoungGen      total 399872K, used 319869K [0x00000000e0000000, 0x00000000fe100000, 0x0000000100000000)
  eden space 311296K, 100% used [0x00000000e0000000,0x00000000f3000000,0x00000000f3000000)
  from space 88576K, 9% used [0x00000000f8a80000,0x00000000f92df638,0x00000000fe100000)
  to   space 90624K, 0% used [0x00000000f3000000,0x00000000f3000000,0x00000000f8880000)
 ParOldGen       total 370176K, used 171496K [0x00000000a0000000, 0x00000000b6980000, 0x00000000e0000000)
  object space 370176K, 46% used [0x00000000a0000000,0x00000000aa77a378,0x00000000b6980000)
 Metaspace       used 92538K, capacity 99082K, committed 99160K, reserved 1134592K
  class space    used 11965K, capacity 13108K, committed 13184K, reserved 1048576K
Event: 4223.170 GC heap after
Heap after GC invocations=34 (full 5):
 PSYoungGen      total 401920K, used 19303K [0x00000000e0000000, 0x00000000ff900000, 0x0000000100000000)
  eden space 311296K, 0% used [0x00000000e0000000,0x00000000e0000000,0x00000000f3000000)
  from space 90624K, 21% used [0x00000000f3000000,0x00000000f42d9ca0,0x00000000f8880000)
  to   space 86016K, 0% used [0x00000000fa500000,0x00000000fa500000,0x00000000ff900000)
 ParOldGen       total 370176K, used 171512K [0x00000000a0000000, 0x00000000b6980000, 0x00000000e0000000)
  object space 370176K, 46% used [0x00000000a0000000,0x00000000aa77e378,0x00000000b6980000)
 Metaspace       used 92538K, capacity 99082K, committed 99160K, reserved 1134592K
  class space    used 11965K, capacity 13108K, committed 13184K, reserved 1048576K
}
Event: 4250.857 GC heap before
{Heap before GC invocations=35 (full 5):
 PSYoungGen      total 401920K, used 324880K [0x00000000e0000000, 0x00000000ff900000, 0x0000000100000000)
  eden space 311296K, 98% used [0x00000000e0000000,0x00000000f2a6a618,0x00000000f3000000)
  from space 90624K, 21% used [0x00000000f3000000,0x00000000f42d9ca0,0x00000000f8880000)
  to   space 86016K, 0% used [0x00000000fa500000,0x00000000fa500000,0x00000000ff900000)
 ParOldGen       total 370176K, used 171512K [0x00000000a0000000, 0x00000000b6980000, 0x00000000e0000000)
  object space 370176K, 46% used [0x00000000a0000000,0x00000000aa77e378,0x00000000b6980000)
 Metaspace       used 101034K, capacity 108470K, committed 108760K, reserved 1142784K
  class space    used 13226K, capacity 14506K, committed 14592K, reserved 1048576K
Event: 4251.852 GC heap after
Heap after GC invocations=35 (full 5):
 PSYoungGen      total 369664K, used 85996K [0x00000000e0000000, 0x0000000100000000, 0x0000000100000000)
  eden space 283648K, 0% used [0x00000000e0000000,0x00000000e0000000,0x00000000f1500000)
  from space 86016K, 99% used [0x00000000fa500000,0x00000000ff8fb330,0x00000000ff900000)
  to   space 120320K, 0% used [0x00000000f1500000,0x00000000f1500000,0x00000000f8a80000)
 ParOldGen       total 370176K, used 221596K [0x00000000a0000000, 0x00000000b6980000, 0x00000000e0000000)
  object space 370176K, 59% used [0x00000000a0000000,0x00000000ad8673f8,0x00000000b6980000)
 Metaspace       used 101034K, capacity 108470K, committed 108760K, reserved 1142784K
  class space    used 13226K, capacity 14506K, committed 14592K, reserved 1048576K
}

Deoptimization events (10 events):
Event: 4245.298 Thread 0x000000001cac0000 Uncommon trap: reason=array_check action=maybe_recompile pc=0x0000000005d9f9fc method=java.util.TimSort.reverseRange([Ljava/lang/Object;II)V @ 27
Event: 4245.298 Thread 0x000000001cac0000 Uncommon trap: reason=array_check action=maybe_recompile pc=0x0000000005d9f9fc method=java.util.TimSort.reverseRange([Ljava/lang/Object;II)V @ 27
Event: 4245.378 Thread 0x000000001cac0000 Uncommon trap: reason=unstable_if action=reinterpret pc=0x0000000005cd4bcc method=com.android.tools.r8.graph.DexItem.a([Lcom/android/tools/r8/graph/DexItem;Ljava/util/function/Consumer;)V @ 21
Event: 4245.566 Thread 0x000000001cac7800 Uncommon trap: reason=unstable_if action=reinterpret pc=0x0000000005af8184 method=java.util.TimSort.mergeLo(IIII)V @ 474
Event: 4245.571 Thread 0x000000001cac7800 Uncommon trap: reason=unstable_if action=reinterpret pc=0x000000000625df60 method=com.android.tools.r8.dex.DexOutputBuffer.j(I)V @ 8
Event: 4245.616 Thread 0x000000001cac7800 Uncommon trap: reason=unstable_if action=reinterpret pc=0x0000000003d707bc method=java.lang.Long.numberOfTrailingZeros(J)I @ 3
Event: 4245.861 Thread 0x000000001e6aa000 Uncommon trap: reason=class_check action=maybe_recompile pc=0x0000000004a23bc0 method=org.gradle.internal.execution.history.changes.SortedMapDiffUtil.diff(Ljava/util/SortedMap;Ljava/util/SortedMap;Lorg/gradle/internal/execution/history/changes/PropertyDif
Event: 4273.565 Thread 0x000000001d4b9000 Uncommon trap: reason=class_check action=maybe_recompile pc=0x0000000005c8ed4c method=java.util.Spliterators$ArraySpliterator.tryAdvance(Ljava/util/function/Consumer;)Z @ 49
Event: 4273.567 Thread 0x000000001d4b9000 Uncommon trap: reason=class_check action=maybe_recompile pc=0x0000000005c8ed4c method=java.util.Spliterators$ArraySpliterator.tryAdvance(Ljava/util/function/Consumer;)Z @ 49
Event: 4273.668 Thread 0x000000001d4b9000 Uncommon trap: reason=class_check action=maybe_recompile pc=0x0000000005c8ed4c method=java.util.Spliterators$ArraySpliterator.tryAdvance(Ljava/util/function/Consumer;)Z @ 49

Classes redefined (0 events):
No events

Internal exceptions (10 events):
Event: 4237.871 Thread 0x000000001e6a9000 Implicit null exception at 0x0000000004c36f51 to 0x0000000004c37879
Event: 4238.458 Thread 0x000000001d4b9000 Exception <a 'java/io/FileNotFoundException'> (0x00000000e54b8ae8) thrown at [D:\src\AOSP-openjdk-cygwin\jdk8u\hotspot\src\share\vm\prims\jni.cpp, line 710]
Event: 4244.744 Thread 0x000000001cac0000 Exception <a 'sun/nio/fs/WindowsException'> (0x00000000e5988170) thrown at [D:\src\AOSP-openjdk-cygwin\jdk8u\hotspot\src\share\vm\prims\jni.cpp, line 710]
Event: 4245.118 Thread 0x000000001cac9800 Implicit null exception at 0x000000000426af6f to 0x000000000426b05d
Event: 4245.118 Thread 0x000000001a302800 Implicit null exception at 0x000000000426af6f to 0x000000000426b05d
Event: 4245.118 Thread 0x000000001cac6800 Implicit null exception at 0x000000000426af6f to 0x000000000426b05d
Event: 4245.118 Thread 0x000000001cac7800 Implicit null exception at 0x000000000426af6f to 0x000000000426b05d
Event: 4245.678 Thread 0x000000001cac7800 Exception <a 'sun/nio/fs/WindowsException'> (0x00000000e7bc5980) thrown at [D:\src\AOSP-openjdk-cygwin\jdk8u\hotspot\src\share\vm\prims\jni.cpp, line 710]
Event: 4304.664 Thread 0x000000001d4b9000 Exception <a 'sun/nio/fs/WindowsException'> (0x00000000e7ec4538) thrown at [D:\src\AOSP-openjdk-cygwin\jdk8u\hotspot\src\share\vm\prims\jni.cpp, line 710]
Event: 4304.675 Thread 0x000000001d4b9000 Exception <a 'sun/nio/fs/WindowsException'> (0x00000000e7ec6448) thrown at [D:\src\AOSP-openjdk-cygwin\jdk8u\hotspot\src\share\vm\prims\jni.cpp, line 710]

Events (10 events):
Event: 4455.671 Thread 0x000000001e6b3000 Thread added: 0x000000001e6b3000
Event: 4455.672 Thread 0x000000001e6b2000 Thread added: 0x000000001e6b2000
Event: 4455.673 Thread 0x000000001e6b3800 Thread added: 0x000000001e6b3800
Event: 4455.673 Thread 0x000000001e6af000 Thread added: 0x000000001e6af000
Event: 4455.673 Thread 0x000000001e6b0000 Thread added: 0x000000001e6b0000
Event: 4455.674 Thread 0x000000001e6b1800 Thread added: 0x000000001e6b1800
Event: 4455.675 Thread 0x000000001d4b6800 Thread added: 0x000000001d4b6800
Event: 4455.676 Thread 0x000000001d4b1800 Thread added: 0x000000001d4b1800
Event: 4455.676 Executing VM operation: RevokeBias
Event: 4455.678 Executing VM operation: RevokeBias done


Dynamic libraries:
0x00007ff7e1c80000 - 0x00007ff7e1cb1000 	C:\Program Files\Android\Android Studio\jre\bin\java.exe
0x00007ff893000000 - 0x00007ff8931ed000 	C:\windows\SYSTEM32\ntdll.dll
0x00007ff892f10000 - 0x00007ff892fc3000 	C:\windows\System32\KERNEL32.dll
0x00007ff88ecf0000 - 0x00007ff88ee17000 	C:\Windows\system32\hmpalert.dll
0x00007ff88f170000 - 0x00007ff88f405000 	C:\windows\System32\KERNELBASE.dll
0x00007ff892e60000 - 0x00007ff892f03000 	C:\windows\System32\ADVAPI32.dll
0x00007ff892740000 - 0x00007ff8927de000 	C:\windows\System32\msvcrt.dll
0x00007ff8927e0000 - 0x00007ff89287e000 	C:\windows\System32\sechost.dll
0x00007ff890eb0000 - 0x00007ff890fd2000 	C:\windows\System32\RPCRT4.dll
0x00007ff8904b0000 - 0x00007ff890647000 	C:\windows\System32\USER32.dll
0x00007ff88f410000 - 0x00007ff88f430000 	C:\windows\System32\win32u.dll
0x00007ff890e60000 - 0x00007ff890e89000 	C:\windows\System32\GDI32.dll
0x00007ff88fc30000 - 0x00007ff88fdc9000 	C:\windows\System32\gdi32full.dll
0x00007ff890000000 - 0x00007ff8900a0000 	C:\windows\System32\msvcp_win.dll
0x00007ff890120000 - 0x00007ff89021a000 	C:\windows\System32\ucrtbase.dll
0x00007ff87b040000 - 0x00007ff87b2b9000 	C:\windows\WinSxS\amd64_microsoft.windows.common-controls_6595b64144ccf1df_6.0.17763.1158_none_de722d88534a897f\COMCTL32.dll
0x00007ff890b30000 - 0x00007ff890e5c000 	C:\windows\System32\combase.dll
0x00007ff8900a0000 - 0x00007ff89011e000 	C:\windows\System32\bcryptPrimitives.dll
0x00007ff892d80000 - 0x00007ff892dae000 	C:\windows\System32\IMM32.DLL
0x000000006b4d0000 - 0x000000006b5a2000 	C:\Program Files\Android\Android Studio\jre\jre\bin\msvcr100.dll
0x000000006b690000 - 0x000000006bed6000 	C:\Program Files\Android\Android Studio\jre\jre\bin\server\jvm.dll
0x00007ff892ce0000 - 0x00007ff892ce8000 	C:\windows\System32\PSAPI.DLL
0x00007ff88bce0000 - 0x00007ff88bcea000 	C:\windows\SYSTEM32\VERSION.dll
0x00007ff88a9a0000 - 0x00007ff88a9a9000 	C:\windows\SYSTEM32\WSOCK32.dll
0x00007ff892880000 - 0x00007ff8928ed000 	C:\windows\System32\WS2_32.dll
0x00007ff88cb50000 - 0x00007ff88cb74000 	C:\windows\SYSTEM32\WINMM.dll
0x00007ff88caf0000 - 0x00007ff88cb1d000 	C:\windows\SYSTEM32\winmmbase.dll
0x00007ff88ffb0000 - 0x00007ff88fffa000 	C:\windows\System32\cfgmgr32.dll
0x00007ff87ac90000 - 0x00007ff87ac9f000 	C:\Program Files\Android\Android Studio\jre\jre\bin\verify.dll
0x00007ff87ac60000 - 0x00007ff87ac89000 	C:\Program Files\Android\Android Studio\jre\jre\bin\java.dll
0x00007ff86b040000 - 0x00007ff86b056000 	C:\Program Files\Android\Android Studio\jre\jre\bin\zip.dll
0x00007ff891240000 - 0x00007ff892734000 	C:\windows\System32\SHELL32.dll
0x00007ff892db0000 - 0x00007ff892e58000 	C:\windows\System32\shcore.dll
0x00007ff88f4e0000 - 0x00007ff88fc2d000 	C:\windows\System32\windows.storage.dll
0x00007ff88eff0000 - 0x00007ff88f014000 	C:\windows\System32\profapi.dll
0x00007ff88f040000 - 0x00007ff88f09d000 	C:\windows\System32\powrprof.dll
0x00007ff891060000 - 0x00007ff8910b2000 	C:\windows\System32\shlwapi.dll
0x00007ff88f020000 - 0x00007ff88f031000 	C:\windows\System32\kernel.appcore.dll
0x00007ff88f0c0000 - 0x00007ff88f0d7000 	C:\windows\System32\cryptsp.dll
0x00007ff85e840000 - 0x00007ff85e85a000 	C:\Program Files\Android\Android Studio\jre\jre\bin\net.dll
0x00007ff88e730000 - 0x00007ff88e797000 	C:\windows\system32\mswsock.dll
0x00007ff85e820000 - 0x00007ff85e831000 	C:\Program Files\Android\Android Studio\jre\jre\bin\nio.dll
0x00007ff852d30000 - 0x00007ff852d56000 	C:\Users\Yashvi\.gradle\native\29\windows-amd64\native-platform.dll
0x00007ff87ac50000 - 0x00007ff87ac5d000 	C:\Program Files\Android\Android Studio\jre\jre\bin\management.dll
0x00007ff88e2b0000 - 0x00007ff88e2e3000 	C:\windows\system32\rsaenh.dll
0x00007ff88f140000 - 0x00007ff88f166000 	C:\windows\System32\bcrypt.dll
0x00007ff88ef20000 - 0x00007ff88ef48000 	C:\windows\SYSTEM32\USERENV.dll
0x00007ff88e900000 - 0x00007ff88e90c000 	C:\windows\SYSTEM32\CRYPTBASE.dll
0x00007ff88e450000 - 0x00007ff88e48d000 	C:\windows\SYSTEM32\IPHLPAPI.DLL
0x00007ff892cf0000 - 0x00007ff892cf8000 	C:\windows\System32\NSI.dll
0x00007ff88a470000 - 0x00007ff88a486000 	C:\windows\SYSTEM32\dhcpcsvc6.DLL
0x00007ff88a450000 - 0x00007ff88a46c000 	C:\windows\SYSTEM32\dhcpcsvc.DLL
0x00007ff88e4a0000 - 0x00007ff88e567000 	C:\windows\SYSTEM32\DNSAPI.dll
0x00007ff88df60000 - 0x00007ff88df91000 	C:\windows\SYSTEM32\ntmarta.dll
0x00007ff886890000 - 0x00007ff8868b4000 	C:\Program Files\Android\Android Studio\jre\jre\bin\sunec.dll
0x00007ff885250000 - 0x00007ff88525a000 	C:\Windows\System32\rasadhlp.dll
0x00007ff8854c0000 - 0x00007ff885539000 	C:\windows\System32\fwpuclnt.dll
0x00007ff87b980000 - 0x00007ff87b98b000 	C:\Program Files\Android\Android Studio\jre\jre\bin\sunmscapi.dll
0x00007ff88fdd0000 - 0x00007ff88ffac000 	C:\windows\System32\CRYPT32.dll
0x00007ff88f0a0000 - 0x00007ff88f0b2000 	C:\windows\System32\MSASN1.dll

VM Arguments:
jvm_args: -Xmx1536m -Dfile.encoding=windows-1252 -Duser.country=IN -Duser.language=en -Duser.variant 
java_command: org.gradle.launcher.daemon.bootstrap.GradleDaemon 5.4.1
java_class_path (initial): C:\Users\Yashvi\.gradle\wrapper\dists\gradle-5.4.1-all\3221gyojl5jsh0helicew7rwx\gradle-5.4.1\lib\gradle-launcher-5.4.1.jar
Launcher Type: SUN_STANDARD

Environment Variables:
PATH=C:\Program Files (x86)\Intel\Intel(R) Management Engine Components\iCLS\;C:\Program Files\Intel\Intel(R) Management Engine Components\iCLS\;C:\windows\system32;C:\windows;C:\windows\System32\Wbem;C:\windows\System32\WindowsPowerShell\v1.0\;C:\windows\System32\OpenSSH\;C:\Program Files (x86)\Intel\Intel(R) Management Engine Components\DAL;C:\Program Files\Intel\Intel(R) Management Engine Components\DAL;C:\Program Files\Intel\WiFi\bin\;C:\Program Files\Common Files\Intel\WirelessCommon\;C:\Program Files\Git\cmd;C:\Program Files\Microsoft SQL Server\130\Tools\Binn\;C:\Users\Yashvi\AppData\Local\Programs\Python\Python38-32\Scripts\;C:\Users\Yashvi\AppData\Local\Programs\Python\Python38-32\;C:\Users\Yashvi\AppData\Local\Microsoft\WindowsApps;C:\Users\Yashvi\AppData\Local\GitHubDesktop\bin
USERNAME=Yashvi
OS=Windows_NT
PROCESSOR_IDENTIFIER=Intel64 Family 6 Model 142 Stepping 10, GenuineIntel



---------------  S Y S T E M  ---------------

OS: Windows 10.0 , 64 bit Build 17763 (10.0.17763.1158)

CPU:total 8 (initial active 8) (4 cores per cpu, 2 threads per core) family 6 model 142 stepping 10, cmov, cx8, fxsr, mmx, sse, sse2, sse3, ssse3, sse4.1, sse4.2, popcnt, avx, avx2, aes, clmul, erms, 3dnowpref, lzcnt, ht, tsc, tscinvbit, bmi1, bmi2, adx

Memory: 4k page, physical 8218788k(342336k free), swap 33384612k(1132k free)

vm_info: OpenJDK 64-Bit Server VM (25.202-b03) for windows-amd64 JRE (1.8.0_202-release-1483-b03), built by "builder" with MS VC++ 10.0 (VS2010)

time: Tue May 05 01:58:22 2020
timezone: India Standard Time
elapsed time: 4455 seconds (0d 1h 14m 15s)

